<?xml version="1.0" encoding="UTF-8"?>
<!-- Generated by org.testng.reporters.JUnitXMLReporter -->
<testsuite ignored="0" hostname="Akshay" failures="1" tests="1" name="Module Tests" time="6.755" errors="0" timestamp="2024-11-08T22:23:48 IST">
  <testcase classname="com.opencart.testcases.MyAccountTest" name="searchWithNonExistingProductTest" time="1.125">
    <failure type="java.lang.AssertionError" message="No product match message is incorrect. expected [Ther is no product that matches the search criteria.] but found [There is no product that matches the search criteria.]">
      <![CDATA[java.lang.AssertionError: No product match message is incorrect. expected [Ther is no product that matches the search criteria.] but found [There is no product that matches the search criteria.]
at com.opencart.testcases.MyAccountTest.searchWithNonExistingProductTest(MyAccountTest.java:112)
at java.base/java.util.ArrayList.forEach(ArrayList.java:1596)
... Removed 30 stack frames]]>
    </failure>
  </testcase> <!-- searchWithNonExistingProductTest -->
</testsuite> <!-- Module Tests -->
