<?xml version="1.0" encoding="UTF-8"?>
<testng-results ignored="0" total="1" passed="0" failed="1" skipped="0">
  <reporter-output>
  </reporter-output>
  <suite started-at="2024-11-08T22:23:42 IST" name="Opencart Test Suite" finished-at="2024-11-08T22:23:48 IST" duration-ms="6755">
    <groups>
      <group name="functional">
        <method signature="MyAccountTest.searchWithNonExistingProductTest()[pri:5, instance:com.opencart.testcases.MyAccountTest@222545dc]" name="searchWithNonExistingProductTest" class="com.opencart.testcases.MyAccountTest"/>
      </group> <!-- functional -->
      <group name="my account">
        <method signature="MyAccountTest.searchWithNonExistingProductTest()[pri:5, instance:com.opencart.testcases.MyAccountTest@222545dc]" name="searchWithNonExistingProductTest" class="com.opencart.testcases.MyAccountTest"/>
      </group> <!-- my account -->
    </groups>
    <test started-at="2024-11-08T22:23:42 IST" name="Module Tests" finished-at="2024-11-08T22:23:48 IST" duration-ms="6755">
      <class name="com.opencart.testcases.MyAccountTest">
        <test-method is-config="true" signature="setUp(java.lang.String,java.lang.String)[pri:0, instance:com.opencart.testcases.MyAccountTest@222545dc]" started-at="2024-11-08T22:23:42 IST" name="setUp" finished-at="2024-11-08T22:23:45 IST" duration-ms="3497" status="PASS">
          <params>
            <param index="0">
              <value>
                <![CDATA[windows]]>
              </value>
            </param>
            <param index="1">
              <value>
                <![CDATA[chrome]]>
              </value>
            </param>
          </params>
          <reporter-output>
          </reporter-output>
        </test-method> <!-- setUp -->
        <test-method is-config="true" signature="beforeClass()[pri:0, instance:com.opencart.testcases.MyAccountTest@222545dc]" started-at="2024-11-08T22:23:45 IST" name="beforeClass" finished-at="2024-11-08T22:23:47 IST" duration-ms="1416" status="PASS">
          <reporter-output>
          </reporter-output>
        </test-method> <!-- beforeClass -->
        <test-method signature="searchWithNonExistingProductTest()[pri:5, instance:com.opencart.testcases.MyAccountTest@222545dc]" started-at="2024-11-08T22:23:47 IST" name="searchWithNonExistingProductTest" description="TC_05_Verify searching with a non existing Product Name" finished-at="2024-11-08T22:23:48 IST" duration-ms="1125" status="FAIL">
          <exception class="java.lang.AssertionError">
            <message>
              <![CDATA[No product match message is incorrect. expected [Ther is no product that matches the search criteria.] but found [There is no product that matches the search criteria.]]]>
            </message>
            <full-stacktrace>
              <![CDATA[java.lang.AssertionError: No product match message is incorrect. expected [Ther is no product that matches the search criteria.] but found [There is no product that matches the search criteria.]
at org.testng.Assert.fail(Assert.java:99)
at org.testng.Assert.failNotEquals(Assert.java:1037)
at org.testng.Assert.assertEqualsImpl(Assert.java:140)
at org.testng.Assert.assertEquals(Assert.java:122)
at org.testng.Assert.assertEquals(Assert.java:629)
at com.opencart.testcases.MyAccountTest.searchWithNonExistingProductTest(MyAccountTest.java:112)
at java.base/jdk.internal.reflect.DirectMethodHandleAccessor.invoke(DirectMethodHandleAccessor.java:103)
at java.base/java.lang.reflect.Method.invoke(Method.java:580)
at org.testng.internal.MethodInvocationHelper.invokeMethod(MethodInvocationHelper.java:133)
at org.testng.internal.TestInvoker.invokeMethod(TestInvoker.java:598)
at org.testng.internal.TestInvoker.invokeTestMethod(TestInvoker.java:173)
at org.testng.internal.MethodRunner.runInSequence(MethodRunner.java:46)
at org.testng.internal.TestInvoker$MethodInvocationAgent.invoke(TestInvoker.java:824)
at org.testng.internal.TestInvoker.invokeTestMethods(TestInvoker.java:146)
at org.testng.internal.TestMethodWorker.invokeTestMethods(TestMethodWorker.java:146)
at org.testng.internal.TestMethodWorker.run(TestMethodWorker.java:128)
at java.base/java.util.ArrayList.forEach(ArrayList.java:1596)
at org.testng.TestRunner.privateRun(TestRunner.java:794)
at org.testng.TestRunner.run(TestRunner.java:596)
at org.testng.SuiteRunner.runTest(SuiteRunner.java:377)
at org.testng.SuiteRunner.runSequentially(SuiteRunner.java:371)
at org.testng.SuiteRunner.privateRun(SuiteRunner.java:332)
at org.testng.SuiteRunner.run(SuiteRunner.java:276)
at org.testng.SuiteRunnerWorker.runSuite(SuiteRunnerWorker.java:53)
at org.testng.SuiteRunnerWorker.run(SuiteRunnerWorker.java:96)
at org.testng.TestNG.runSuitesSequentially(TestNG.java:1212)
at org.testng.TestNG.runSuitesLocally(TestNG.java:1134)
at org.testng.TestNG.runSuites(TestNG.java:1063)
at org.testng.TestNG.run(TestNG.java:1031)
at org.testng.remote.AbstractRemoteTestNG.run(AbstractRemoteTestNG.java:115)
at org.testng.remote.RemoteTestNG.initAndRun(RemoteTestNG.java:293)
at org.testng.remote.RemoteTestNG.main(RemoteTestNG.java:91)
]]>
            </full-stacktrace>
          </exception> <!-- java.lang.AssertionError -->
          <reporter-output>
          </reporter-output>
        </test-method> <!-- searchWithNonExistingProductTest -->
        <test-method is-config="true" signature="tearDown()[pri:0, instance:com.opencart.testcases.MyAccountTest@222545dc]" started-at="2024-11-08T22:23:48 IST" name="tearDown" finished-at="2024-11-08T22:23:48 IST" duration-ms="307" status="PASS">
          <reporter-output>
          </reporter-output>
        </test-method> <!-- tearDown -->
      </class> <!-- com.opencart.testcases.MyAccountTest -->
    </test> <!-- Module Tests -->
  </suite> <!-- Opencart Test Suite -->
</testng-results>
